# JRE version: Java(TM) SE Runtime Environment (17.0.8+9) (build 17.0.8+9-LTS-211)
# Java VM: Java HotSpot(TM) 64-Bit Server VM (17.0.8+9-LTS-211, mixed mode, sharing, tiered, compressed oops, compressed class ptrs, g1 gc, windows-amd64)
GC Precious Log:
 CPUs: 4 total, 4 available
 Memory: 12197M
 Large Page Support: Disabled
 NUMA Support: Disabled
 Compressed Oops: Enabled (Zero based)
 Heap Region Size: 2M
 Heap Min Capacity: 8M
 Heap Initial Capacity: 192M
 Heap Max Capacity: 3050M
 Pre-touch: Disabled
 Parallel Workers: 4
 Concurrent Workers: 1
 Concurrent Refinement Workers: 4
 Periodic GC: Disabled
Heap:
 garbage-first heap   total 69632K, used 41385K [0x0000000741600000, 0x0000000800000000)
  region size 2048K, 10 young (20480K), 2 survivors (4096K)
 Metaspace       used 64354K, committed 64896K, reserved 1114112K
  class space    used 8923K, committed 9152K, reserved 1048576K
GC Heap History (20 events):
Event: 9.092 GC heap before
{Heap before GC invocations=7 (full 0):
 garbage-first heap   total 55296K, used 35190K [0x0000000741600000, 0x0000000800000000)
  region size 2048K, 11 young (22528K), 1 survivors (2048K)
 Metaspace       used 28700K, committed 29120K, reserved 1114112K
  class space    used 3799K, committed 3968K, reserved 1048576K
}
Event: 9.102 GC heap after
{Heap after GC invocations=8 (full 0):
 garbage-first heap   total 55296K, used 16813K [0x0000000741600000, 0x0000000800000000)
  region size 2048K, 2 young (4096K), 2 survivors (4096K)
 Metaspace       used 28700K, committed 29120K, reserved 1114112K
  class space    used 3799K, committed 3968K, reserved 1048576K
}
Event: 10.131 GC heap before
{Heap before GC invocations=8 (full 0):
 garbage-first heap   total 55296K, used 37293K [0x0000000741600000, 0x0000000800000000)
  region size 2048K, 12 young (24576K), 2 survivors (4096K)
 Metaspace       used 31942K, committed 32448K, reserved 1114112K
  class space    used 4175K, committed 4416K, reserved 1048576K
}
Event: 10.144 GC heap after
{Heap after GC invocations=9 (full 0):
 garbage-first heap   total 55296K, used 19081K [0x0000000741600000, 0x0000000800000000)
  region size 2048K, 2 young (4096K), 2 survivors (4096K)
 Metaspace       used 31942K, committed 32448K, reserved 1114112K
  class space    used 4175K, committed 4416K, reserved 1048576K
}
Event: 11.735 GC heap before
{Heap before GC invocations=9 (full 0):
 garbage-first heap   total 55296K, used 33417K [0x0000000741600000, 0x0000000800000000)
  region size 2048K, 10 young (20480K), 2 survivors (4096K)
 Metaspace       used 35691K, committed 36096K, reserved 1114112K
  class space    used 4623K, committed 4800K, reserved 1048576K
}
Event: 11.746 GC heap after
{Heap after GC invocations=10 (full 0):
 garbage-first heap   total 69632K, used 20062K [0x0000000741600000, 0x0000000800000000)
  region size 2048K, 2 young (4096K), 2 survivors (4096K)
 Metaspace       used 35691K, committed 36096K, reserved 1114112K
  class space    used 4623K, committed 4800K, reserved 1048576K
}
Event: 14.379 GC heap before
{Heap before GC invocations=11 (full 0):
 garbage-first heap   total 69632K, used 48734K [0x0000000741600000, 0x0000000800000000)
  region size 2048K, 16 young (32768K), 2 survivors (4096K)
 Metaspace       used 41844K, committed 42304K, reserved 1114112K
  class space    used 5609K, committed 5824K, reserved 1048576K
}
Event: 14.392 GC heap after
{Heap after GC invocations=12 (full 0):
 garbage-first heap   total 69632K, used 21789K [0x0000000741600000, 0x0000000800000000)
  region size 2048K, 2 young (4096K), 2 survivors (4096K)
 Metaspace       used 41844K, committed 42304K, reserved 1114112K
  class space    used 5609K, committed 5824K, reserved 1048576K
}
Event: 16.394 GC heap before
{Heap before GC invocations=12 (full 0):
 garbage-first heap   total 69632K, used 48413K [0x0000000741600000, 0x0000000800000000)
  region size 2048K, 15 young (30720K), 2 survivors (4096K)
 Metaspace       used 49363K, committed 49792K, reserved 1114112K
  class space    used 6766K, committed 6976K, reserved 1048576K
}
Event: 16.403 GC heap after
{Heap after GC invocations=13 (full 0):
 garbage-first heap   total 69632K, used 23130K [0x0000000741600000, 0x0000000800000000)
  region size 2048K, 2 young (4096K), 2 survivors (4096K)
 Metaspace       used 49363K, committed 49792K, reserved 1114112K
  class space    used 6766K, committed 6976K, reserved 1048576K
}
Event: 18.795 GC heap before
{Heap before GC invocations=13 (full 0):
 garbage-first heap   total 69632K, used 51802K [0x0000000741600000, 0x0000000800000000)
  region size 2048K, 16 young (32768K), 2 survivors (4096K)
 Metaspace       used 55774K, committed 56256K, reserved 1114112K
  class space    used 7698K, committed 7936K, reserved 1048576K
}
Event: 18.807 GC heap after
{Heap after GC invocations=14 (full 0):
 garbage-first heap   total 69632K, used 25048K [0x0000000741600000, 0x0000000800000000)
  region size 2048K, 2 young (4096K), 2 survivors (4096K)
 Metaspace       used 55774K, committed 56256K, reserved 1114112K
  class space    used 7698K, committed 7936K, reserved 1048576K
}
Event: 20.494 GC heap before
{Heap before GC invocations=14 (full 0):
 garbage-first heap   total 69632K, used 51672K [0x0000000741600000, 0x0000000800000000)
  region size 2048K, 15 young (30720K), 2 survivors (4096K)
 Metaspace       used 58745K, committed 59264K, reserved 1114112K
  class space    used 8119K, committed 8384K, reserved 1048576K
}
Event: 20.506 GC heap after
{Heap after GC invocations=15 (full 0):
 garbage-first heap   total 69632K, used 27194K [0x0000000741600000, 0x0000000800000000)
  region size 2048K, 2 young (4096K), 2 survivors (4096K)
 Metaspace       used 58745K, committed 59264K, reserved 1114112K
  class space    used 8119K, committed 8384K, reserved 1048576K
}
Event: 21.670 GC heap before
{Heap before GC invocations=15 (full 0):
 garbage-first heap   total 69632K, used 39482K [0x0000000741600000, 0x0000000800000000)
  region size 2048K, 9 young (18432K), 2 survivors (4096K)
 Metaspace       used 60099K, committed 60608K, reserved 1114112K
  class space    used 8332K, committed 8576K, reserved 1048576K
}
Event: 21.683 GC heap after
{Heap after GC invocations=16 (full 0):
 garbage-first heap   total 69632K, used 28612K [0x0000000741600000, 0x0000000800000000)
  region size 2048K, 1 young (2048K), 1 survivors (2048K)
 Metaspace       used 60099K, committed 60608K, reserved 1114112K
  class space    used 8332K, committed 8576K, reserved 1048576K
}
Event: 159.270 GC heap before
{Heap before GC invocations=17 (full 0):
 garbage-first heap   total 69632K, used 49092K [0x0000000741600000, 0x0000000800000000)
  region size 2048K, 12 young (24576K), 1 survivors (2048K)
 Metaspace       used 63978K, committed 64512K, reserved 1114112K
  class space    used 8915K, committed 9152K, reserved 1048576K
}
Event: 159.390 GC heap after
{Heap after GC invocations=18 (full 1):
 garbage-first heap   total 69632K, used 24630K [0x0000000741600000, 0x0000000800000000)
  region size 2048K, 0 young (0K), 0 survivors (0K)
 Metaspace       used 63974K, committed 64512K, reserved 1114112K
  class space    used 8915K, committed 9152K, reserved 1048576K
}
Event: 163.214 GC heap before
{Heap before GC invocations=18 (full 1):
 garbage-first heap   total 69632K, used 49206K [0x0000000741600000, 0x0000000800000000)
  region size 2048K, 13 young (26624K), 0 survivors (0K)
 Metaspace       used 64148K, committed 64704K, reserved 1114112K
  class space    used 8918K, committed 9152K, reserved 1048576K
}
Event: 163.220 GC heap after
{Heap after GC invocations=19 (full 1):
 garbage-first heap   total 69632K, used 27049K [0x0000000741600000, 0x0000000800000000)
  region size 2048K, 2 young (4096K), 2 survivors (4096K)
 Metaspace       used 64148K, committed 64704K, reserved 1114112K
  class space    used 8918K, committed 9152K, reserved 1048576K
}

