# JRE version: Java(TM) SE Runtime Environment (17.0.8+9) (build 17.0.8+9-LTS-211)
# Java VM: Java HotSpot(TM) 64-Bit Server VM (17.0.8+9-LTS-211, mixed mode, sharing, tiered, compressed oops, compressed class ptrs, g1 gc, windows-amd64)
GC Precious Log:
 CPUs: 4 total, 4 available
 Memory: 12197M
 Large Page Support: Disabled
 NUMA Support: Disabled
 Compressed Oops: Enabled (Zero based)
 Heap Region Size: 2M
 Heap Min Capacity: 8M
 Heap Initial Capacity: 192M
 Heap Max Capacity: 3050M
 Pre-touch: Disabled
 Parallel Workers: 4
 Concurrent Workers: 1
 Concurrent Refinement Workers: 4
 Periodic GC: Disabled
Heap:
 garbage-first heap   total 61440K, used 36296K [0x0000000741600000, 0x0000000800000000)
  region size 2048K, 7 young (14336K), 2 survivors (4096K)
 Metaspace       used 63579K, committed 64064K, reserved 1114112K
  class space    used 8946K, committed 9152K, reserved 1048576K
GC Heap History (20 events):
Event: 9.577 GC heap before
{Heap before GC invocations=6 (full 0):
 garbage-first heap   total 61440K, used 37693K [0x0000000741600000, 0x0000000800000000)
  region size 2048K, 13 young (26624K), 2 survivors (4096K)
 Metaspace       used 26821K, committed 27072K, reserved 1114112K
  class space    used 3586K, committed 3712K, reserved 1048576K
}
Event: 9.585 GC heap after
{Heap after GC invocations=7 (full 0):
 garbage-first heap   total 61440K, used 16267K [0x0000000741600000, 0x0000000800000000)
  region size 2048K, 2 young (4096K), 2 survivors (4096K)
 Metaspace       used 26821K, committed 27072K, reserved 1114112K
  class space    used 3586K, committed 3712K, reserved 1048576K
}
Event: 11.072 GC heap before
{Heap before GC invocations=7 (full 0):
 garbage-first heap   total 61440K, used 36747K [0x0000000741600000, 0x0000000800000000)
  region size 2048K, 13 young (26624K), 2 survivors (4096K)
 Metaspace       used 29774K, committed 30144K, reserved 1114112K
  class space    used 4043K, committed 4224K, reserved 1048576K
}
Event: 11.084 GC heap after
{Heap after GC invocations=8 (full 0):
 garbage-first heap   total 61440K, used 18272K [0x0000000741600000, 0x0000000800000000)
  region size 2048K, 2 young (4096K), 2 survivors (4096K)
 Metaspace       used 29774K, committed 30144K, reserved 1114112K
  class space    used 4043K, committed 4224K, reserved 1048576K
}
Event: 13.364 GC heap before
{Heap before GC invocations=8 (full 0):
 garbage-first heap   total 61440K, used 40800K [0x0000000741600000, 0x0000000800000000)
  region size 2048K, 13 young (26624K), 2 survivors (4096K)
 Metaspace       used 35110K, committed 35520K, reserved 1114112K
  class space    used 4844K, committed 5056K, reserved 1048576K
}
Event: 13.376 GC heap after
{Heap after GC invocations=9 (full 0):
 garbage-first heap   total 61440K, used 19347K [0x0000000741600000, 0x0000000800000000)
  region size 2048K, 1 young (2048K), 1 survivors (2048K)
 Metaspace       used 35110K, committed 35520K, reserved 1114112K
  class space    used 4844K, committed 5056K, reserved 1048576K
}
Event: 13.483 GC heap before
{Heap before GC invocations=9 (full 0):
 garbage-first heap   total 61440K, used 19347K [0x0000000741600000, 0x0000000800000000)
  region size 2048K, 2 young (4096K), 1 survivors (2048K)
 Metaspace       used 35572K, committed 35968K, reserved 1114112K
  class space    used 4913K, committed 5120K, reserved 1048576K
}
Event: 13.487 GC heap after
{Heap after GC invocations=10 (full 0):
 garbage-first heap   total 61440K, used 19216K [0x0000000741600000, 0x0000000800000000)
  region size 2048K, 1 young (2048K), 1 survivors (2048K)
 Metaspace       used 35572K, committed 35968K, reserved 1114112K
  class space    used 4913K, committed 5120K, reserved 1048576K
}
Event: 14.739 GC heap before
{Heap before GC invocations=11 (full 0):
 garbage-first heap   total 61440K, used 41744K [0x0000000741600000, 0x0000000800000000)
  region size 2048K, 13 young (26624K), 1 survivors (2048K)
 Metaspace       used 42069K, committed 42432K, reserved 1114112K
  class space    used 5736K, committed 5888K, reserved 1048576K
}
Event: 14.746 GC heap after
{Heap after GC invocations=12 (full 0):
 garbage-first heap   total 61440K, used 20923K [0x0000000741600000, 0x0000000800000000)
  region size 2048K, 2 young (4096K), 2 survivors (4096K)
 Metaspace       used 42069K, committed 42432K, reserved 1114112K
  class space    used 5736K, committed 5888K, reserved 1048576K
}
Event: 15.989 GC heap before
{Heap before GC invocations=13 (full 0):
 garbage-first heap   total 61440K, used 43451K [0x0000000741600000, 0x0000000800000000)
  region size 2048K, 13 young (26624K), 2 survivors (4096K)
 Metaspace       used 48162K, committed 48512K, reserved 1114112K
  class space    used 6634K, committed 6784K, reserved 1048576K
}
Event: 15.996 GC heap after
{Heap after GC invocations=14 (full 0):
 garbage-first heap   total 61440K, used 21748K [0x0000000741600000, 0x0000000800000000)
  region size 2048K, 2 young (4096K), 2 survivors (4096K)
 Metaspace       used 48162K, committed 48512K, reserved 1114112K
  class space    used 6634K, committed 6784K, reserved 1048576K
}
Event: 17.175 GC heap before
{Heap before GC invocations=14 (full 0):
 garbage-first heap   total 61440K, used 42228K [0x0000000741600000, 0x0000000800000000)
  region size 2048K, 13 young (26624K), 2 survivors (4096K)
 Metaspace       used 52999K, committed 53504K, reserved 1114112K
  class space    used 7471K, committed 7680K, reserved 1048576K
}
Event: 17.183 GC heap after
{Heap after GC invocations=15 (full 0):
 garbage-first heap   total 61440K, used 22583K [0x0000000741600000, 0x0000000800000000)
  region size 2048K, 1 young (2048K), 1 survivors (2048K)
 Metaspace       used 52999K, committed 53504K, reserved 1114112K
  class space    used 7471K, committed 7680K, reserved 1048576K
}
Event: 18.333 GC heap before
{Heap before GC invocations=15 (full 0):
 garbage-first heap   total 61440K, used 45111K [0x0000000741600000, 0x0000000800000000)
  region size 2048K, 12 young (24576K), 1 survivors (2048K)
 Metaspace       used 56289K, committed 56832K, reserved 1114112K
  class space    used 7882K, committed 8128K, reserved 1048576K
}
Event: 18.345 GC heap after
{Heap after GC invocations=16 (full 0):
 garbage-first heap   total 61440K, used 24178K [0x0000000741600000, 0x0000000800000000)
  region size 2048K, 2 young (4096K), 2 survivors (4096K)
 Metaspace       used 56289K, committed 56832K, reserved 1114112K
  class space    used 7882K, committed 8128K, reserved 1048576K
}
Event: 19.399 GC heap before
{Heap before GC invocations=16 (full 0):
 garbage-first heap   total 61440K, used 42610K [0x0000000741600000, 0x0000000800000000)
  region size 2048K, 12 young (24576K), 2 survivors (4096K)
 Metaspace       used 58748K, committed 59200K, reserved 1114112K
  class space    used 8237K, committed 8448K, reserved 1048576K
}
Event: 19.409 GC heap after
{Heap after GC invocations=17 (full 0):
 garbage-first heap   total 61440K, used 26130K [0x0000000741600000, 0x0000000800000000)
  region size 2048K, 2 young (4096K), 2 survivors (4096K)
 Metaspace       used 58748K, committed 59200K, reserved 1114112K
  class space    used 8237K, committed 8448K, reserved 1048576K
}
Event: 20.740 GC heap before
{Heap before GC invocations=17 (full 0):
 garbage-first heap   total 61440K, used 46610K [0x0000000741600000, 0x0000000800000000)
  region size 2048K, 12 young (24576K), 2 survivors (4096K)
 Metaspace       used 61302K, committed 61760K, reserved 1114112K
  class space    used 8630K, committed 8832K, reserved 1048576K
}
Event: 20.752 GC heap after
{Heap after GC invocations=18 (full 0):
 garbage-first heap   total 61440K, used 28104K [0x0000000741600000, 0x0000000800000000)
  region size 2048K, 2 young (4096K), 2 survivors (4096K)
 Metaspace       used 61302K, committed 61760K, reserved 1114112K
  class space    used 8630K, committed 8832K, reserved 1048576K
}

